<?xml version="1.0" encoding="UTF-8"?>
<!-- Generated by org.testng.reporters.JUnitReportReporter -->
<testsuite hostname="DESKTOP-JCJ8HOK" failures="0" tests="6" name="project.grid.GridDemo" time="298.580" errors="0" timestamp="16 Jun 2022 02:23:41 GMT" skipped="0">
  <testcase classname="project.grid.GridDemo" name="test4" time="33.947"/>
  <testcase classname="project.grid.GridDemo" name="test2" time="59.511"/>
  <testcase classname="project.grid.GridDemo" name="test6" time="43.965"/>
  <testcase classname="project.grid.GridDemo" name="test1" time="37.396"/>
  <testcase classname="project.grid.GridDemo" name="test5" time="61.217"/>
  <testcase classname="project.grid.GridDemo" name="test3" time="62.544"/>
</testsuite> <!-- project.grid.GridDemo -->
