<?xml version="1.0" encoding="UTF-8"?>
<!-- Generated by org.testng.reporters.JUnitReportReporter -->
<testsuite hostname="DESKTOP-JCJ8HOK" failures="0" tests="4" name="testcases.StockManagement" time="0.020" errors="0" timestamp="24 Jun 2022 02:00:34 GMT" skipped="0">
  <testcase classname="testcases.StockManagement" name="addStock" time="0.002"/>
  <testcase classname="testcases.StockManagement" name="verifyStock" time="0.002"/>
  <testcase classname="testcases.StockManagement" name="modifiyStock" time="0.007"/>
  <testcase classname="testcases.StockManagement" name="deleteStock" time="0.009"/>
</testsuite> <!-- testcases.StockManagement -->
