<?xml version="1.0" encoding="UTF-8"?>
<!-- Generated by org.testng.reporters.JUnitReportReporter -->
<testsuite hostname="DESKTOP-JCJ8HOK" failures="0" tests="2" name="testcases.Session" time="0.022" errors="0" timestamp="24 Jun 2022 02:10:51 GMT" skipped="0">
  <testcase classname="testcases.Session" name="doLogin" time="0.014"/>
  <testcase classname="testcases.Session" name="doLogin" time="0.008"/>
</testsuite> <!-- testcases.Session -->
