<?xml version="1.0" encoding="UTF-8"?>
<!-- Generated by org.testng.reporters.JUnitReportReporter -->
<testsuite hostname="DESKTOP-JCJ8HOK" failures="0" tests="1" name="testcases.Session" time="11.871" errors="0" timestamp="27 Jun 2022 02:20:58 GMT" skipped="0">
  <testcase classname="testcases.Session" name="doLogin" time="11.871"/>
</testsuite> <!-- testcases.Session -->
