<?xml version="1.0" encoding="UTF-8"?>
<!-- Generated by org.testng.reporters.JUnitReportReporter -->
<testsuite hostname="DESKTOP-JCJ8HOK" failures="0" tests="1" name="testcases.PortifolioManagement" time="0.003" errors="0" timestamp="28 Jun 2022 02:23:52 GMT" skipped="0">
  <testcase classname="testcases.PortifolioManagement" name="createPortifolio" time="0.003"/>
</testsuite> <!-- testcases.PortifolioManagement -->
