<?xml version="1.0" encoding="UTF-8"?>
<!-- Generated by org.testng.reporters.JUnitReportReporter -->
<testsuite hostname="DESKTOP-JCJ8HOK" failures="0" tests="1" name="pom.POM_001" time="25.847" errors="0" timestamp="20 Jun 2022 02:28:30 GMT" skipped="0">
  <testcase classname="pom.POM_001" name="f" time="25.847"/>
</testsuite> <!-- pom.POM_001 -->
