<?xml version="1.0" encoding="UTF-8"?>
<!-- Generated by org.testng.reporters.JUnitReportReporter -->
<testsuite hostname="DESKTOP-JCJ8HOK" failures="0" tests="1" name="testNG.CheckBox1" time="44.885" errors="0" timestamp="12 May 2022 03:28:06 GMT" skipped="0">
  <testcase classname="testNG.CheckBox1" name="checkboxTest" time="44.885"/>
</testsuite> <!-- testNG.CheckBox1 -->
