<?xml version="1.0" encoding="UTF-8"?>
<!-- Generated by org.testng.reporters.JUnitReportReporter -->
<testsuite hostname="DESKTOP-JCJ8HOK" failures="0" tests="1" name="testNG.TNG_002" time="75.858" errors="0" timestamp="12 May 2022 03:28:06 GMT" skipped="0">
  <testcase classname="testNG.TNG_002" name="amazon" time="75.858"/>
</testsuite> <!-- testNG.TNG_002 -->
